<?xml version="1.0" encoding="utf-8"?><testsuites name="pytest tests"><testsuite name="pytest" errors="0" failures="0" skipped="0" tests="21" time="46.070" timestamp="2026-04-09T17:42:07.853793+00:00" hostname="agent-env-c4c90e82-800f-47d6-a9db-bcdd88e157bf"><testcase classname="tests.test_nyaya_setu_api.TestHealthAndBasicEndpoints" name="test_api_root" time="0.348" /><testcase classname="tests.test_nyaya_setu_api.TestHealthAndBasicEndpoints" name="test_health_check" time="0.133" /><testcase classname="tests.test_nyaya_setu_api.TestEmergencyHelplines" name="test_get_emergency_helplines" time="0.113" /><testcase classname="tests.test_nyaya_setu_api.TestNGODirectory" name="test_get_ngos_all" time="0.129" /><testcase classname="tests.test_nyaya_setu_api.TestNGODirectory" name="test_get_ngos_with_state_filter" time="0.113" /><testcase classname="tests.test_nyaya_setu_api.TestNGODirectory" name="test_get_ngos_with_specialization_filter" time="0.174" /><testcase classname="tests.test_nyaya_setu_api.TestCommunityQA" name="test_get_community_questions" time="0.162" /><testcase classname="tests.test_nyaya_setu_api.TestCommunityQA" name="test_create_community_question" time="0.147" /><testcase classname="tests.test_nyaya_setu_api.TestCommunityQA" name="test_upvote_question" time="0.281" /><testcase classname="tests.test_nyaya_setu_api.TestCommunityQA" name="test_answer_question" time="0.318" /><testcase classname="tests.test_nyaya_setu_api.TestProfile" name="test_get_profile_new_user" time="0.140" /><testcase classname="tests.test_nyaya_setu_api.TestProfile" name="test_update_profile" time="0.271" /><testcase classname="tests.test_nyaya_setu_api.TestLegalNotice" name="test_generate_legal_notice" time="4.714" /><testcase classname="tests.test_nyaya_setu_api.TestLegalNotice" name="test_get_legal_notice" time="4.460" /><testcase classname="tests.test_nyaya_setu_api.TestLegalNotice" name="test_download_legal_notice_pdf" time="4.810" /><testcase classname="tests.test_nyaya_setu_api.TestLegalNotice" name="test_get_legal_notice_not_found" time="0.122" /><testcase classname="tests.test_nyaya_setu_api.TestQuerySubmission" name="test_submit_query" time="6.834" /><testcase classname="tests.test_nyaya_setu_api.TestQuerySubmission" name="test_get_query" time="9.058" /><testcase classname="tests.test_nyaya_setu_api.TestQuerySubmission" name="test_get_query_not_found" time="0.118" /><testcase classname="tests.test_nyaya_setu_api.TestQuerySubmission" name="test_get_user_queries" time="6.732" /><testcase classname="tests.test_nyaya_setu_api.TestQuerySubmission" name="test_toggle_bookmark" time="6.720" /></testsuite></testsuites>